[35m[Appium][39m Welcome to Appium v1.17.1
[35m[Appium][39m Non-default server args:
[35m[Appium][39m   port: 57912
[35m[Appium][39m   tmpDir: /var/folders/c9/kbtg7gfx32q5f7l5hdgtvb2h0000gp/T//Katalon/Appium/Temp1596531120838
[35m[Appium][39m   chromedriverPort: 57913
[35m[Appium][39m Deprecated server args:
[35m[Appium][39m   [31m--chromedriver-port[39m => --default-capabilities '{"chromedriverPort":57913}'
[35m[Appium][39m Default capabilities, which will be added to each request unless overridden by desired capabilities:
[35m[Appium][39m   chromedriverPort: 57913
[35m[Appium][39m Appium REST http interface listener started on 0.0.0.0:57912
[35m[HTTP][39m [37m-->[39m [37mGET[39m [37m/wd/hub/status[39m
[35m[HTTP][39m [90m{}[39m
[debug] [35m[GENERIC][39m Calling AppiumDriver.getStatus() with args: []
[debug] [35m[GENERIC][39m Responding to client with driver.getStatus() result: {"build":{"version":"1.17.1"}}
[35m[HTTP][39m [37m<-- GET /wd/hub/status [39m[32m200[39m [90m7 ms - 68[39m
[35m[HTTP][39m [90m[39m
[35m[HTTP][39m [37m-->[39m [37mGET[39m [37m/wd/hub/status[39m
[35m[HTTP][39m [90m{}[39m
[debug] [35m[GENERIC][39m Calling AppiumDriver.getStatus() with args: []
[debug] [35m[GENERIC][39m Responding to client with driver.getStatus() result: {"build":{"version":"1.17.1"}}
[35m[HTTP][39m [37m<-- GET /wd/hub/status [39m[32m200[39m [90m2 ms - 68[39m
[35m[HTTP][39m [90m[39m
[35m[HTTP][39m [37m-->[39m [37mPOST[39m [37m/wd/hub/session[39m
[35m[HTTP][39m [90m{"desiredCapabilities":{"app":"/Users/blezel/Downloads/Goal_App/Android_APK/app.apk","noReset":true,"deviceName":"emulator-5554 (Android SDK built for x86_64 - Android 9)","fullReset":false,"platform":"ANDROID","newCommandTimeout":1800,"platformVersion":"9","automationName":"uiautomator2","autoGrantPermissions":true,"platformName":"Android","udid":"emulator-5554","systemPort":57934},"capabilities":{"firstMatch":[{"appium:app":"/Users/blezel/Downloads/Goal_App/Android_APK/app.apk","appium:autoGrantPermissions":true,"appium:automationName":"uiautomator2","appium:deviceName":"emulator-5554 (Android SDK built for x86_64 - Android 9)","appium:fullReset":false,"appium:newCommandTimeout":1800,"appium:noReset":true,"platform":"ANDROID","platformName":"android","appium:platformVersion":"9","appium:systemPort":57934,"appium:udid":"emulator-5554"}]}}[39m
[debug] [35m[W3C][39m Calling AppiumDriver.createSession() with args: [{"app":"/Users/blezel/Downloads/Goal_App/Android_APK/app.apk","noReset":true,"deviceName":"emulator-5554 (Android SDK built for x86_64 - Android 9)","fullReset":false,"platform":"ANDROID","newCommandTimeout":1800,"platformVersion":"9","automationName":"uiautomator2","autoGrantPermissions":true,"platformName":"Android","udid":"emulator-5554","systemPort":57934},null,{"firstMatch":[{"appium:app":"/Users/blezel/Downloads/Goal_App/Android_APK/app.apk","appium:autoGrantPermissions":true,"appium:automationName":"uiautomator2","appium:deviceName":"emulator-5554 (Android SDK built for x86_64 - Android 9)","appium:fullReset":false,"appium:newCommandTimeout":1800,"appium:noReset":true,"platform":"ANDROID","platformName":"android","appium:platformVersion":"9","appium:systemPort":57934,"appium:udid":"emulator-5554"}]}]
[debug] [35m[BaseDriver][39m Event 'newSessionRequested' logged at 1596531125600 (16:52:05 GMT+0800 (Philippine Standard Time))
[35m[BaseDriver][39m The following capabilities are not standard capabilities and should have an extension prefix:
[35m[BaseDriver][39m   platform
[35m[BaseDriver][39m   chromedriverPort
[35m[Appium][39m Appium v1.17.1 creating new AndroidUiautomator2Driver (v1.44.2) session
[debug] [35m[BaseDriver][39m W3C capabilities and MJSONWP desired capabilities were provided
[debug] [35m[BaseDriver][39m Creating session with W3C capabilities: {
[debug] [35m[BaseDriver][39m   "alwaysMatch": {
[debug] [35m[BaseDriver][39m     "appium:platform": "ANDROID",
[debug] [35m[BaseDriver][39m     "platformName": "android",
[debug] [35m[BaseDriver][39m     "appium:chromedriverPort": 57913,
[debug] [35m[BaseDriver][39m     "appium:app": "/Users/blezel/Downloads/Goal_App/Android_APK/app.apk",
[debug] [35m[BaseDriver][39m     "appium:autoGrantPermissions": true,
[debug] [35m[BaseDriver][39m     "appium:automationName": "uiautomator2",
[debug] [35m[BaseDriver][39m     "appium:deviceName": "emulator-5554 (Android SDK built for x86_64 - Android 9)",
[debug] [35m[BaseDriver][39m     "appium:fullReset": false,
[debug] [35m[BaseDriver][39m     "appium:newCommandTimeout": 1800,
[debug] [35m[BaseDriver][39m     "appium:noReset": true,
[debug] [35m[BaseDriver][39m     "appium:platformVersion": "9",
[debug] [35m[BaseDriver][39m     "appium:systemPort": 57934,
[debug] [35m[BaseDriver][39m     "appium:udid": "emulator-5554"
[debug] [35m[BaseDriver][39m   },
[debug] [35m[BaseDriver][39m   "firstMatch": [
[debug] [35m[BaseDriver][39m     {}
[debug] [35m[BaseDriver][39m   ]
[debug] [35m[BaseDriver][39m }
[35m[BaseDriver][39m The following capabilities were provided, but are not recognized by Appium:
[35m[BaseDriver][39m   platform
[35m[BaseDriver][39m Session created with session id: 06c1eab5-1ce6-4b10-9fe5-155896f38d60
[35m[BaseDriver][39m Using local app '/Users/blezel/Downloads/Goal_App/Android_APK/app.apk'
[debug] [35m[UiAutomator2][39m Checking whether app is actually present
[35m[ADB][39m Found 1 'build-tools' folders under '/Users/blezel/.katalon/tools/android_sdk' (newest first):
[35m[ADB][39m     /Users/blezel/.katalon/tools/android_sdk/build-tools/29.0.3
[35m[ADB][39m Using 'adb' from '/Users/blezel/.katalon/tools/android_sdk/platform-tools/adb'
[35m[AndroidDriver][39m Retrieving device list
[debug] [35m[ADB][39m Trying to find a connected android device
[debug] [35m[ADB][39m Getting connected devices...
[debug] [35m[ADB][39m Connected devices: [{"udid":"emulator-5554","state":"device"}]
[35m[AndroidDriver][39m Using device: emulator-5554
[35m[ADB][39m Using 'adb' from '/Users/blezel/.katalon/tools/android_sdk/platform-tools/adb'
[debug] [35m[ADB][39m Setting device id to emulator-5554
[debug] [35m[ADB][39m Running '/Users/blezel/.katalon/tools/android_sdk/platform-tools/adb -P 5037 -s emulator-5554 shell getprop ro.build.version.sdk'
[debug] [35m[ADB][39m Current device property 'ro.build.version.sdk': 28
[35m[ADB][39m Getting device platform version
[debug] [35m[ADB][39m Running '/Users/blezel/.katalon/tools/android_sdk/platform-tools/adb -P 5037 -s emulator-5554 shell getprop ro.build.version.release'
[debug] [35m[ADB][39m Current device property 'ro.build.version.release': 9
[debug] [35m[ADB][39m Device API level: 28
[35m[UiAutomator2][39m Relaxing hidden api policy
[debug] [35m[ADB][39m Running '/Users/blezel/.katalon/tools/android_sdk/platform-tools/adb -P 5037 -s emulator-5554 shell settings put global hidden_api_policy_pre_p_apps 1'
[debug] [35m[ADB][39m Running '/Users/blezel/.katalon/tools/android_sdk/platform-tools/adb -P 5037 -s emulator-5554 shell settings put global hidden_api_policy_p_apps 1'
[debug] [35m[ADB][39m Running '/Users/blezel/.katalon/tools/android_sdk/platform-tools/adb -P 5037 -s emulator-5554 shell settings put global hidden_api_policy 1'
[debug] [35m[AndroidDriver][39m Parsing package and activity from app manifest
[35m[ADB][39m Package name: 'com.example.flutter_todo'
[35m[ADB][39m Main activity name: 'com.example.flutter_todo.MainActivity'
[debug] [35m[AndroidDriver][39m Parsed package and activity are: com.example.flutter_todo/com.example.flutter_todo.MainActivity
[debug] [35m[ADB][39m Running '/Users/blezel/.katalon/tools/android_sdk/platform-tools/adb -P 5037 -s emulator-5554 wait-for-device'
[debug] [35m[ADB][39m Running '/Users/blezel/.katalon/tools/android_sdk/platform-tools/adb -P 5037 -s emulator-5554 shell echo ping'
[debug] [35m[AndroidDriver][39m Pushing settings apk to device...
[debug] [35m[ADB][39m Getting install status for io.appium.settings
[debug] [35m[ADB][39m Running '/Users/blezel/.katalon/tools/android_sdk/platform-tools/adb -P 5037 -s emulator-5554 shell dumpsys package io.appium.settings'
[debug] [35m[ADB][39m 'io.appium.settings' is installed
[debug] [35m[ADB][39m Getting package info for 'io.appium.settings'
[debug] [35m[ADB][39m Running '/Users/blezel/.katalon/tools/android_sdk/platform-tools/adb -P 5037 -s emulator-5554 shell dumpsys package io.appium.settings'
[debug] [35m[ADB][39m The version name of the installed 'io.appium.settings' is greater or equal to the application version name ('3.1.0' >= '3.1.0')
[debug] [35m[ADB][39m There is no need to install/upgrade '/usr/local/lib/node_modules/appium/node_modules/io.appium.settings/apks/settings_apk-debug.apk'
[debug] [35m[ADB][39m Getting IDs of all 'io.appium.settings' processes
[debug] [35m[ADB][39m Running '/Users/blezel/.katalon/tools/android_sdk/platform-tools/adb -P 5037 -s emulator-5554 shell 'pgrep --help; echo $?''
[debug] [35m[ADB][39m Running '/Users/blezel/.katalon/tools/android_sdk/platform-tools/adb -P 5037 -s emulator-5554 shell pgrep -f io\\.appium\\.settings'
[debug] [35m[AndroidDriver][39m io.appium.settings is already running. There is no need to reset its permissions.
[debug] [35m[ADB][39m Running '/Users/blezel/.katalon/tools/android_sdk/platform-tools/adb -P 5037 -s emulator-5554 shell appops set io.appium.settings android\:mock_location allow'
[debug] [35m[Logcat][39m Starting logcat capture
[debug] [35m[UiAutomator2][39m Forwarding UiAutomator2 Server port 6790 to 57934
[debug] [35m[ADB][39m Forwarding system: 57934 to device: 6790
[debug] [35m[ADB][39m Running '/Users/blezel/.katalon/tools/android_sdk/platform-tools/adb -P 5037 -s emulator-5554 forward tcp\:57934 tcp\:6790'
[debug] [35m[ADB][39m Getting install status for io.appium.uiautomator2.server
[debug] [35m[ADB][39m Running '/Users/blezel/.katalon/tools/android_sdk/platform-tools/adb -P 5037 -s emulator-5554 shell dumpsys package io.appium.uiautomator2.server'
[debug] [35m[ADB][39m 'io.appium.uiautomator2.server' is installed
[debug] [35m[ADB][39m Getting package info for 'io.appium.uiautomator2.server'
[debug] [35m[ADB][39m Running '/Users/blezel/.katalon/tools/android_sdk/platform-tools/adb -P 5037 -s emulator-5554 shell dumpsys package io.appium.uiautomator2.server'
[debug] [35m[ADB][39m The version name of the installed 'io.appium.uiautomator2.server' is greater or equal to the application version name ('4.5.5' >= '4.5.5')
[debug] [35m[UiAutomator2][39m io.appium.uiautomator2.server installation state: sameVersionInstalled
[debug] [35m[ADB][39m Checking app cert for /usr/local/lib/node_modules/appium/node_modules/appium-uiautomator2-server/apks/appium-uiautomator2-server-v4.5.5.apk
[35m[ADB][39m Using 'apksigner.jar' from '/Users/blezel/.katalon/tools/android_sdk/build-tools/29.0.3/lib/apksigner.jar'
[debug] [35m[ADB][39m Starting apksigner: '/Applications/Katalon Studio.app/Contents/Eclipse/jre/Contents/Home/jre/bin/java' -Xmx1024M -Xss1m -jar /Users/blezel/.katalon/tools/android_sdk/build-tools/29.0.3/lib/apksigner.jar verify --print-certs /usr/local/lib/node_modules/appium/node_modules/appium-uiautomator2-server/apks/appium-uiautomator2-server-v4.5.5.apk
[debug] [35m[ADB][39m apksigner stdout: Signer #1 certificate DN: EMAILADDRESS=android@android.com, CN=Android, OU=Android, O=Android, L=Mountain View, ST=California, C=US
[debug] [35m[ADB][39m Signer #1 certificate SHA-256 digest: a40da80a59d170caa950cf15c18c454d47a39b26989d8b640ecd745ba71bf5dc
[debug] [35m[ADB][39m Signer #1 certificate SHA-1 digest: 61ed377e85d386a8dfee6b864bd85b0bfaa5af81
[debug] [35m[ADB][39m Signer #1 certificate MD5 digest: e89b158e4bcf988ebd09eb83f5378e87
[debug] [35m[ADB][39m 
[debug] [35m[ADB][39m '/usr/local/lib/node_modules/appium/node_modules/appium-uiautomator2-server/apks/appium-uiautomator2-server-v4.5.5.apk' is signed with the default certificate
[debug] [35m[ADB][39m Getting install status for io.appium.uiautomator2.server.test
[debug] [35m[ADB][39m Running '/Users/blezel/.katalon/tools/android_sdk/platform-tools/adb -P 5037 -s emulator-5554 shell dumpsys package io.appium.uiautomator2.server.test'
[debug] [35m[ADB][39m 'io.appium.uiautomator2.server.test' is installed
[debug] [35m[ADB][39m Checking app cert for /usr/local/lib/node_modules/appium/node_modules/appium-uiautomator2-server/apks/appium-uiautomator2-server-debug-androidTest.apk
[debug] [35m[ADB][39m Starting apksigner: '/Applications/Katalon Studio.app/Contents/Eclipse/jre/Contents/Home/jre/bin/java' -Xmx1024M -Xss1m -jar /Users/blezel/.katalon/tools/android_sdk/build-tools/29.0.3/lib/apksigner.jar verify --print-certs /usr/local/lib/node_modules/appium/node_modules/appium-uiautomator2-server/apks/appium-uiautomator2-server-debug-androidTest.apk
[debug] [35m[ADB][39m apksigner stdout: Signer #1 certificate DN: EMAILADDRESS=android@android.com, CN=Android, OU=Android, O=Android, L=Mountain View, ST=California, C=US
[debug] [35m[ADB][39m Signer #1 certificate SHA-256 digest: a40da80a59d170caa950cf15c18c454d47a39b26989d8b640ecd745ba71bf5dc
[debug] [35m[ADB][39m Signer #1 certificate SHA-1 digest: 61ed377e85d386a8dfee6b864bd85b0bfaa5af81
[debug] [35m[ADB][39m Signer #1 certificate MD5 digest: e89b158e4bcf988ebd09eb83f5378e87
[debug] [35m[ADB][39m 
[debug] [35m[ADB][39m '/usr/local/lib/node_modules/appium/node_modules/appium-uiautomator2-server/apks/appium-uiautomator2-server-debug-androidTest.apk' is signed with the default certificate
[35m[UiAutomator2][39m Server packages are not going to be (re)installed
[debug] [35m[UiAutomator2][39m Waiting up to 30000ms for services to be available
[debug] [35m[ADB][39m Running '/Users/blezel/.katalon/tools/android_sdk/platform-tools/adb -P 5037 -s emulator-5554 shell pm list instrumentation'
[debug] [35m[UiAutomator2][39m Instrumentation target 'io.appium.uiautomator2.server.test/androidx.test.runner.AndroidJUnitRunner' is available
[debug] [35m[ADB][39m Checking app cert for /Users/blezel/Downloads/Goal_App/Android_APK/app.apk
[debug] [35m[ADB][39m Starting apksigner: '/Applications/Katalon Studio.app/Contents/Eclipse/jre/Contents/Home/jre/bin/java' -Xmx1024M -Xss1m -jar /Users/blezel/.katalon/tools/android_sdk/build-tools/29.0.3/lib/apksigner.jar verify --print-certs /Users/blezel/Downloads/Goal_App/Android_APK/app.apk
[debug] [35m[ADB][39m apksigner stdout: Signer #1 certificate DN: EMAILADDRESS=android@android.com, CN=Android, OU=Android, O=Android, L=Mountain View, ST=California, C=US
[debug] [35m[ADB][39m Signer #1 certificate SHA-256 digest: a40da80a59d170caa950cf15c18c454d47a39b26989d8b640ecd745ba71bf5dc
[debug] [35m[ADB][39m Signer #1 certificate SHA-1 digest: 61ed377e85d386a8dfee6b864bd85b0bfaa5af81
[debug] [35m[ADB][39m Signer #1 certificate MD5 digest: e89b158e4bcf988ebd09eb83f5378e87
[debug] [35m[ADB][39m 
[debug] [35m[ADB][39m '/Users/blezel/Downloads/Goal_App/Android_APK/app.apk' is signed with the default certificate
[debug] [35m[ADB][39m Getting install status for com.example.flutter_todo
[debug] [35m[ADB][39m Running '/Users/blezel/.katalon/tools/android_sdk/platform-tools/adb -P 5037 -s emulator-5554 shell dumpsys package com.example.flutter_todo'
[debug] [35m[ADB][39m 'com.example.flutter_todo' is installed
[debug] [35m[ADB][39m Getting package info for 'com.example.flutter_todo'
[debug] [35m[ADB][39m Running '/Users/blezel/.katalon/tools/android_sdk/platform-tools/adb -P 5037 -s emulator-5554 shell dumpsys package com.example.flutter_todo'
[debug] [35m[ADB][39m The version name of the installed 'com.example.flutter_todo' is greater or equal to the application version name ('0.4.0' >= '0.4.0')
[debug] [35m[ADB][39m There is no need to install/upgrade '/Users/blezel/Downloads/Goal_App/Android_APK/app.apk'
[debug] [35m[UiAutomator2][39m Performing shallow cleanup of automation leftovers
[debug] [35m[UiAutomator2][39m The following obsolete sessions are still running: ["d971dcfa-8bea-4ee4-9341-fdf6855cc49d"]
[debug] [35m[UiAutomator2][39m Cleaning up the obsolete sessions
[debug] [35m[ADB][39m Running '/Users/blezel/.katalon/tools/android_sdk/platform-tools/adb -P 5037 -s emulator-5554 shell am force-stop io.appium.uiautomator2.server.test'
[35m[UiAutomator2][39m Starting UIAutomator2 server 4.5.5
[35m[UiAutomator2][39m Using UIAutomator2 server from '/usr/local/lib/node_modules/appium/node_modules/appium-uiautomator2-server/apks/appium-uiautomator2-server-v4.5.5.apk' and test from '/usr/local/lib/node_modules/appium/node_modules/appium-uiautomator2-server/apks/appium-uiautomator2-server-debug-androidTest.apk'
[35m[UiAutomator2][39m Waiting up to 30000ms for UiAutomator2 to be online...
[debug] [35m[ADB][39m Creating ADB subprocess with args: ["-P",5037,"-s","emulator-5554","shell","am","instrument","-w","io.appium.uiautomator2.server.test/androidx.test.runner.AndroidJUnitRunner"]
[debug] [35m[WD Proxy][39m Matched '/status' to command name 'getStatus'
[debug] [35m[WD Proxy][39m Proxying [GET /status] to [GET http://127.0.0.1:57934/wd/hub/status] with no body
[35m[WD Proxy][39m Got response with unknown status: {"code":"ECONNRESET"}
[debug] [35m[Instrumentation][39m io.appium.uiautomator2.server.test.AppiumUiAutomator2Server:
[debug] [35m[WD Proxy][39m Matched '/status' to command name 'getStatus'
[debug] [35m[WD Proxy][39m Proxying [GET /status] to [GET http://127.0.0.1:57934/wd/hub/status] with no body
[35m[WD Proxy][39m Got response with unknown status: {"code":"ECONNRESET"}
[debug] [35m[WD Proxy][39m Matched '/status' to command name 'getStatus'
[debug] [35m[WD Proxy][39m Proxying [GET /status] to [GET http://127.0.0.1:57934/wd/hub/status] with no body
[debug] [35m[WD Proxy][39m Got response with status 200: {"sessionId":"None","value":{"ready":true,"message":"UiAutomator2 Server is ready to accept commands"}}
[debug] [35m[UiAutomator2][39m The initialization of the instrumentation process took 3099ms
[debug] [35m[WD Proxy][39m Matched '/session' to command name 'createSession'
[debug] [35m[WD Proxy][39m Proxying [POST /session] to [POST http://127.0.0.1:57934/wd/hub/session] with body: {"capabilities":{"firstMatch":[{"platform":"ANDROID","webStorageEnabled":false,"takesScreenshot":true,"javascriptEnabled":true,"databaseEnabled":false,"networkConnectionEnabled":true,"locationContextEnabled":false,"warnings":{},"desired":{"platformName":"android","platform":"ANDROID","chromedriverPort":57913,"app":"/Users/blezel/Downloads/Goal_App/Android_APK/app.apk","autoGrantPermissions":true,"automationName":"uiautomator2","deviceName":"emulator-5554 (Android SDK built for x86_64 - Android 9)","fullReset":false,"newCommandTimeout":1800,"noReset":true,"platformVersion":"9","systemPort":57934,"udid":"emulator-5554"},"platformName":"android","chromedriverPort":57913,"app":"/Users/blezel/Downloads/Goal_App/Android_APK/app.apk","autoGrantPermissions":true,"automationName":"uiautomator2","deviceName":"emulator-5554","fullReset":false,"newCommandTimeout":1800,"noReset":true,"platformVersion":"9","systemPort":57934,"udid":"emulator-5554","deviceUDID":"emulator-5554","appPackage":"com.example.flutter_todo"}],"a...
[debug] [35m[WD Proxy][39m Got response with status 200: {"sessionId":"484b69f1-6320-48e5-aaa1-bfda583349c9","value":{"sessionId":"484b69f1-6320-48e5-aaa1-bfda583349c9","capabilities":{"firstMatch":[{"platform":"ANDROID","webStorageEnabled":false,"takesScreenshot":true,"javascriptEnabled":true,"databaseEnabled":false,"networkConnectionEnabled":true,"locationContextEnabled":false,"warnings":{},"desired":{"platformName":"android","platform":"ANDROID","chromedriverPort":57913,"app":"/Users/blezel/Downloads/Goal_App/Android_APK/app.apk","autoGrantPermissions":true,"automationName":"uiautomator2","deviceName":"emulator-5554 (Android SDK built for x86_64 - Android 9)","fullReset":false,"newCommandTimeout":1800,"noReset":true,"platformVersion":"9","systemPort":57934,"udid":"emulator-5554"},"platformName":"android","chromedriverPort":57913,"app":"/Users/blezel/Downloads/Goal_App/Android_APK/app.apk","autoGrantPermissions":true,"automationName":"uiautomator2","deviceName":"emulator-5554","fullReset":false,"newCommandTimeout":1800,"noReset":true,"platformVersion":"9","sys...
[35m[WD Proxy][39m Determined the downstream protocol as 'W3C'
[debug] [35m[WD Proxy][39m Proxying [GET /appium/device/info] to [GET http://127.0.0.1:57934/wd/hub/session/484b69f1-6320-48e5-aaa1-bfda583349c9/appium/device/info] with no body
[debug] [35m[WD Proxy][39m Got response with status 200: {"sessionId":"484b69f1-6320-48e5-aaa1-bfda583349c9","value":{"androidId":"2b245cd54e396350","manufacturer":"Google","model":"Android SDK built for x86_64","brand":"google","apiVersion":"28","platformVersion":"9","carrierName":"Android","realDisplaySize":"1080x2220","displayDensity":440,"networks":[{"type":0,"typeName":"MOBILE","subtype":13,"subtypeName":"LTE","isConnected":true,"detailedState":"CONNECTED","state":"CONNECTED","extraInfo":"epc.tmobile.com","isAvailable":true,"isFailover":false,"isRoaming":false,"capabilities":{"transportTypes":"TRANSPORT_CELLULAR","networkCapabilities":"NET_CAPABILITY_MMS,NET_CAPABILITY_SUPL,NET_CAPABILITY_DUN,NET_CAPABILITY_FOTA,NET_CAPABILITY_IMS,NET_CAPABILITY_CBS,NET_CAPABILITY_IA,NET_CAPABILITY_INTERNET,NET_CAPABILITY_NOT_RESTRICTED,NET_CAPABILITY_TRUSTED,NET_CAPABILITY_NOT_VPN,NET_CAPABILITY_VALIDATED,NET_CAPABILITY_NOT_ROAMING,NET_CAPABILITY_NOT_CONGESTED,NET_CAPABILITY_NOT_SUSPENDED","linkUpstreamBandwidthKbps":51200,"linkDownBandwidthKbps":102400,"signalStrength":-2...
[debug] [35m[ADB][39m Running '/Users/blezel/.katalon/tools/android_sdk/platform-tools/adb -P 5037 -s emulator-5554 shell dumpsys window'
[35m[AndroidDriver][39m Screen already unlocked, doing nothing
[35m[UiAutomator2][39m Starting 'com.example.flutter_todo/com.example.flutter_todo.MainActivity and waiting for 'com.example.flutter_todo/com.example.flutter_todo.MainActivity'
[debug] [35m[ADB][39m Running '/Users/blezel/.katalon/tools/android_sdk/platform-tools/adb -P 5037 -s emulator-5554 shell am start -W -n com.example.flutter_todo/com.example.flutter_todo.MainActivity -S -a android.intent.action.MAIN -c android.intent.category.LAUNCHER -f 0x10200000'
[debug] [35m[ADB][39m Waiting up to 20000ms for activity matching pkg: 'com.example.flutter_todo' and activity: 'com.example.flutter_todo.MainActivity' to be focused
[debug] [35m[ADB][39m Possible activities, to be checked: 'com.example.flutter_todo.MainActivity', 'com.example.flutter_todo.com.example.flutter_todo.MainActivity'
[debug] [35m[ADB][39m Getting focused package and activity
[debug] [35m[ADB][39m Running '/Users/blezel/.katalon/tools/android_sdk/platform-tools/adb -P 5037 -s emulator-5554 shell dumpsys window windows'
[debug] [35m[ADB][39m Found package: 'com.example.flutter_todo' and fully qualified activity name : 'com.example.flutter_todo.MainActivity'
[debug] [35m[WD Proxy][39m Proxying [GET /appium/device/pixel_ratio] to [GET http://127.0.0.1:57934/wd/hub/session/484b69f1-6320-48e5-aaa1-bfda583349c9/appium/device/pixel_ratio] with body: {}
[debug] [35m[WD Proxy][39m Got response with status 200: {"sessionId":"484b69f1-6320-48e5-aaa1-bfda583349c9","value":2.75}
[debug] [35m[WD Proxy][39m Matched '/appium/device/system_bars' to command name 'getSystemBars'
[debug] [35m[WD Proxy][39m Proxying [GET /appium/device/system_bars] to [GET http://127.0.0.1:57934/wd/hub/session/484b69f1-6320-48e5-aaa1-bfda583349c9/appium/device/system_bars] with body: {}
[debug] [35m[WD Proxy][39m Got response with status 200: {"sessionId":"484b69f1-6320-48e5-aaa1-bfda583349c9","value":{"statusBar":66}}
[debug] [35m[WD Proxy][39m Matched '/window/current/size' to command name 'getWindowSize'
[debug] [35m[WD Proxy][39m Proxying [GET /window/current/size] to [GET http://127.0.0.1:57934/wd/hub/session/484b69f1-6320-48e5-aaa1-bfda583349c9/window/current/size] with body: {}
[debug] [35m[WD Proxy][39m Got response with status 200: {"sessionId":"484b69f1-6320-48e5-aaa1-bfda583349c9","value":{"height":2088,"width":1080}}
[35m[Appium][39m New AndroidUiautomator2Driver session created successfully, session 06c1eab5-1ce6-4b10-9fe5-155896f38d60 added to master session list
[debug] [35m[BaseDriver][39m Event 'newSessionStarted' logged at 1596531141873 (16:52:21 GMT+0800 (Philippine Standard Time))
[debug] [35m[W3C (06c1eab5)][39m Cached the protocol value 'W3C' for the new session 06c1eab5-1ce6-4b10-9fe5-155896f38d60
[debug] [35m[W3C (06c1eab5)][39m Responding to client with driver.createSession() result: {"capabilities":{"platform":"ANDROID","webStorageEnabled":false,"takesScreenshot":true,"javascriptEnabled":true,"databaseEnabled":false,"networkConnectionEnabled":true,"locationContextEnabled":false,"warnings":{},"desired":{"platformName":"android","platform":"ANDROID","chromedriverPort":57913,"app":"/Users/blezel/Downloads/Goal_App/Android_APK/app.apk","autoGrantPermissions":true,"automationName":"uiautomator2","deviceName":"emulator-5554 (Android SDK built for x86_64 - Android 9)","fullReset":false,"newCommandTimeout":1800,"noReset":true,"platformVersion":"9","systemPort":57934,"udid":"emulator-5554"},"platformName":"android","chromedriverPort":57913,"app":"/Users/blezel/Downloads/Goal_App/Android_APK/app.apk","autoGrantPermissions":true,"automationName":"uiautomator2","deviceName":"emulator-5554","fullReset":false,"newCommandTimeout":1800,"noReset":true,"platformVersion":"9","systemPort":57934,"udid":"emulator-5554","deviceUDID":"emulator-5554","appPackage":"com.example.flutter_todo","deviceApiLevel":28...
[35m[HTTP][39m [37m<-- POST /wd/hub/session [39m[32m200[39m [90m16276 ms - 1315[39m
[35m[HTTP][39m [90m[39m
[35m[HTTP][39m [37m-->[39m [37mGET[39m [37m/wd/hub/session/06c1eab5-1ce6-4b10-9fe5-155896f38d60[39m
[35m[HTTP][39m [90m{}[39m
[debug] [35m[W3C (06c1eab5)][39m Calling AppiumDriver.getSession() with args: ["06c1eab5-1ce6-4b10-9fe5-155896f38d60"]
[debug] [35m[UiAutomator2][39m Getting session details from server to mix in
[debug] [35m[WD Proxy][39m Matched '/' to command name 'getSession'
[debug] [35m[WD Proxy][39m Proxying [GET /] to [GET http://127.0.0.1:57934/wd/hub/session/484b69f1-6320-48e5-aaa1-bfda583349c9] with body: {}
[debug] [35m[WD Proxy][39m Got response with status 200: {"sessionId":"484b69f1-6320-48e5-aaa1-bfda583349c9","value":{}}
[debug] [35m[W3C (06c1eab5)][39m Responding to client with driver.getSession() result: {"platform":"ANDROID","webStorageEnabled":false,"takesScreenshot":true,"javascriptEnabled":true,"databaseEnabled":false,"networkConnectionEnabled":true,"locationContextEnabled":false,"warnings":{},"desired":{"platformName":"android","platform":"ANDROID","chromedriverPort":57913,"app":"/Users/blezel/Downloads/Goal_App/Android_APK/app.apk","autoGrantPermissions":true,"automationName":"uiautomator2","deviceName":"emulator-5554 (Android SDK built for x86_64 - Android 9)","fullReset":false,"newCommandTimeout":1800,"noReset":true,"platformVersion":"9","systemPort":57934,"udid":"emulator-5554"},"platformName":"android","chromedriverPort":57913,"app":"/Users/blezel/Downloads/Goal_App/Android_APK/app.apk","autoGrantPermissions":true,"automationName":"uiautomator2","deviceName":"emulator-5554","fullReset":false,"newCommandTimeout":1800,"noReset":true,"platformVersion":"9","systemPort":57934,"udid":"emulator-5554","deviceUDID":"emulator-5554","appPackage":"com.example.flutter_todo","deviceApiLevel":28,"deviceScreenSi...
[35m[HTTP][39m [37m<-- GET /wd/hub/session/06c1eab5-1ce6-4b10-9fe5-155896f38d60 [39m[32m200[39m [90m129 ms - 1247[39m
[35m[HTTP][39m [90m[39m
[35m[HTTP][39m [37m-->[39m [37mGET[39m [37m/wd/hub/session/06c1eab5-1ce6-4b10-9fe5-155896f38d60[39m
[35m[HTTP][39m [90m{}[39m
[debug] [35m[W3C (06c1eab5)][39m Calling AppiumDriver.getSession() with args: ["06c1eab5-1ce6-4b10-9fe5-155896f38d60"]
[debug] [35m[UiAutomator2][39m Getting session details from server to mix in
[debug] [35m[WD Proxy][39m Matched '/' to command name 'getSession'
[debug] [35m[WD Proxy][39m Proxying [GET /] to [GET http://127.0.0.1:57934/wd/hub/session/484b69f1-6320-48e5-aaa1-bfda583349c9] with body: {}
[debug] [35m[WD Proxy][39m Got response with status 200: {"sessionId":"484b69f1-6320-48e5-aaa1-bfda583349c9","value":{}}
[debug] [35m[W3C (06c1eab5)][39m Responding to client with driver.getSession() result: {"platform":"ANDROID","webStorageEnabled":false,"takesScreenshot":true,"javascriptEnabled":true,"databaseEnabled":false,"networkConnectionEnabled":true,"locationContextEnabled":false,"warnings":{},"desired":{"platformName":"android","platform":"ANDROID","chromedriverPort":57913,"app":"/Users/blezel/Downloads/Goal_App/Android_APK/app.apk","autoGrantPermissions":true,"automationName":"uiautomator2","deviceName":"emulator-5554 (Android SDK built for x86_64 - Android 9)","fullReset":false,"newCommandTimeout":1800,"noReset":true,"platformVersion":"9","systemPort":57934,"udid":"emulator-5554"},"platformName":"android","chromedriverPort":57913,"app":"/Users/blezel/Downloads/Goal_App/Android_APK/app.apk","autoGrantPermissions":true,"automationName":"uiautomator2","deviceName":"emulator-5554","fullReset":false,"newCommandTimeout":1800,"noReset":true,"platformVersion":"9","systemPort":57934,"udid":"emulator-5554","deviceUDID":"emulator-5554","appPackage":"com.example.flutter_todo","deviceApiLevel":28,"deviceScreenSi...
[35m[HTTP][39m [37m<-- GET /wd/hub/session/06c1eab5-1ce6-4b10-9fe5-155896f38d60 [39m[32m200[39m [90m99 ms - 1247[39m
[35m[HTTP][39m [90m[39m
[35m[HTTP][39m [37m-->[39m [37mGET[39m [37m/wd/hub/status[39m
[35m[HTTP][39m [90m{}[39m
[debug] [35m[GENERIC][39m Calling AppiumDriver.getStatus() with args: []
[debug] [35m[GENERIC][39m Responding to client with driver.getStatus() result: {"build":{"version":"1.17.1"}}
[35m[HTTP][39m [37m<-- GET /wd/hub/status [39m[32m200[39m [90m2 ms - 68[39m
[35m[HTTP][39m [90m[39m
[35m[HTTP][39m [37m-->[39m [37mPOST[39m [37m/wd/hub/session/06c1eab5-1ce6-4b10-9fe5-155896f38d60/timeouts[39m
[35m[HTTP][39m [90m{"implicit":60000}[39m
[debug] [35m[W3C (06c1eab5)][39m Calling AppiumDriver.timeouts() with args: [null,null,null,null,60000,"06c1eab5-1ce6-4b10-9fe5-155896f38d60"]
[debug] [35m[BaseDriver][39m W3C timeout argument: {"implicit":60000}}
[debug] [35m[BaseDriver][39m Set implicit wait to 60000ms
[debug] [35m[W3C (06c1eab5)][39m Responding to client with driver.timeouts() result: null
[35m[HTTP][39m [37m<-- POST /wd/hub/session/06c1eab5-1ce6-4b10-9fe5-155896f38d60/timeouts [39m[32m200[39m [90m4 ms - 14[39m
[35m[HTTP][39m [90m[39m
[35m[HTTP][39m [37m-->[39m [37mGET[39m [37m/wd/hub/session/06c1eab5-1ce6-4b10-9fe5-155896f38d60/source[39m
[35m[HTTP][39m [90m{}[39m
[35m[W3C (06c1eab5)][39m Driver proxy active, passing request on via HTTP proxy
[debug] [35m[WD Proxy][39m Matched '/wd/hub/session/06c1eab5-1ce6-4b10-9fe5-155896f38d60/source' to command name 'getPageSource'
[debug] [35m[WD Proxy][39m Proxying [GET /wd/hub/session/06c1eab5-1ce6-4b10-9fe5-155896f38d60/source] to [GET http://127.0.0.1:57934/wd/hub/session/484b69f1-6320-48e5-aaa1-bfda583349c9/source] with body: {}
[debug] [35m[WD Proxy][39m Got response with status 200: {"sessionId":"484b69f1-6320-48e5-aaa1-bfda583349c9","value":"<?xml version='1.0' encoding='UTF-8' standalone='yes' ?>\r\n<hierarchy index=\"0\" class=\"hierarchy\" rotation=\"0\" width=\"1080\" height=\"2088\">\r\n  <android.widget.FrameLayout index=\"0\" package=\"com.example.flutter_todo\" class=\"android.widget.FrameLayout\" text=\"\" checkable=\"false\" checked=\"false\" clickable=\"false\" enabled=\"true\" focusable=\"false\" focused=\"false\" long-clickable=\"false\" password=\"false\" scrollable=\"false\" selected=\"false\" bounds=\"[0,0][1080,2088]\" displayed=\"true\">\r\n    <android.widget.LinearLayout index=\"0\" package=\"com.example.flutter_todo\" class=\"android.widget.LinearLayout\" text=\"\" checkable=\"false\" checked=\"false\" clickable=\"false\" enabled=\"true\" focusable=\"false\" focused=\"false\" long-clickable=\"false\" password=\"false\" scrollable=\"false\" selected=\"false\" bounds=\"[0,0][1080,2088]\" displayed=\"true\">\r\n      <android.widget.FrameLayout index=\"0\" package=\...
[35m[WD Proxy][39m Replacing sessionId 484b69f1-6320-48e5-aaa1-bfda583349c9 with 06c1eab5-1ce6-4b10-9fe5-155896f38d60
[35m[HTTP][39m [37m<-- GET /wd/hub/session/06c1eab5-1ce6-4b10-9fe5-155896f38d60/source [39m[32m200[39m [90m165 ms - 2232[39m
[35m[HTTP][39m [90m[39m
[35m[HTTP][39m [37m-->[39m [37mGET[39m [37m/wd/hub/session/06c1eab5-1ce6-4b10-9fe5-155896f38d60/screenshot[39m
[35m[HTTP][39m [90m{}[39m
[debug] [35m[W3C (06c1eab5)][39m Calling AppiumDriver.getScreenshot() with args: ["06c1eab5-1ce6-4b10-9fe5-155896f38d60"]
[debug] [35m[WD Proxy][39m Matched '/screenshot' to command name 'getScreenshot'
[debug] [35m[WD Proxy][39m Proxying [GET /screenshot] to [GET http://127.0.0.1:57934/wd/hub/session/484b69f1-6320-48e5-aaa1-bfda583349c9/screenshot] with no body
[debug] [35m[WD Proxy][39m Got response with status 200: {"sessionId":"484b69f1-6320-48e5-aaa1-bfda583349c9","value":"iVBORw0KGgoAAAANSUhEUgAABDgAAAisCAYAAACtR1KuAAAABHNCSVQICAgIfAhkiAAAIABJREFU\neJzs3ftzk\/eZ8OFbks9nG9sYbI4xEBLSNk22s53u9F\/v9N12Ns22uw0hhCQQINhgwOfzQZbeHxhp\nMTZgGyz7ptc1k0mtWNJjaiQ9n+d7KPzpT3+qBgAAAEBixeM+AAAAAIB3JXAAAAAA6QkcAAAAQHoC\nBwAAAJCewAEAAACkJ3AAAAAA6QkcAAAAQHoCBwAAAJCewAEAAACkJ3AAAAAA6QkcAAAAQHoCBwAA\nAJBe03EfAPyraG9vj3PnzkV\/f3+0tbXVby8UClGtViMiolqtxurqajx79iyePHkSW1tbx3W4AAAA\nqQgccISKxWJcvXo1hoeHo1h8\/YCpQqFQ\/3dXV1d0dXXFpUuXYnt7Ox48eBATExONOmQAAE6YYrEY\npVIpisVi\/eJYpVKJcrlcv1AGRBT+9Kc\/+RvBsam9UO+l9sJdqVQafFTvrlAoxGeffRb9\/f31ePEu\nqtVq\/L\/\/9\/\/SvoHV3pQPa3t7O+XvAQDAYRUKhWhubo6WlpZoa2uLjo6OaG5ujqampiiXy7G5uRmr\nq6uxsbERm5ubsbm5edyH\/E6KxWI0NTXVf8aXP0NvbW3F6upq2s\/CJ8mnn34a7e3tb\/yecrkc\/\/zn\nPxt0RO+XERwcm2KxGOfPn4\/e3t49I8D29nY8fvw4ZmZmUr2Y9fb2xm9+85v3EjZqCoVCjIyMxJMn\nT97bYzZKqVSKnp6eGBwcPNT9K5VKzM\/Px\/z8fGxvb7\/nowMAOHmam5ujs7MzBgYGYmBgIDo7O\/f8\nbFmtVmNpaSlmZ2djZmYm1tbWolwuH8MR719LS0t0dnZGZ2dndHR01P9paWl54\/2q1Wqsr6\/H6upq\...
[debug] [35m[W3C (06c1eab5)][39m Responding to client with driver.getScreenshot() result: "iVBORw0KGgoAAAANSUhEUgAABDgAAAisCAYAAACtR1KuAAAABHNCSVQICAgIfAhkiAAAIABJREFU\neJzs3ftzk/eZ8OFbks9nG9sYbI4xEBLSNk22s53u9F/v9N12Ns22uw0hhCQQINhgwOfzQZbeHxhp\nMTZgGyz7ptc1k0mtWNJjaiQ9n+d7KPzpT3+qBgAAAEBixeM+AAAAAIB3JXAAAAAA6QkcAAAAQHoC\nBwAAAJCewAEAAACkJ3AAAAAA6QkcAAAAQHoCBwAAAJCewAEAAACkJ3AAAAAA6QkcAAAAQHoCBwAA\nAJBe03EfAPyraG9vj3PnzkV/f3+0tbXVby8UClGtViMiolqtxurqajx79iyePHkSW1tbx3W4AAAA\nqQgccISKxWJcvXo1hoeHo1h8/YCpQqFQ/3dXV1d0dXXFpUuXYnt7Ox48eBATExONOmQAAE6YYrEY\npVIpisVi/eJYpVKJcrlcv1AGRBT+9Kc/+RvBsam9UO+l9sJdqVQafFTvrlAoxGeffRb9/f31ePEu\nqtVq/L//9//SvoHV3pQPa3t7O+XvAQDAYRUKhWhubo6WlpZoa2uLjo6OaG5ujqampiiXy7G5uRmr\nq6uxsbERm5ubsbm5edyH/E6KxWI0NTXVf8aXP0NvbW3F6upq2s/CJ8mnn34a7e3tb/yecrkc//zn\nPxt0RO+XERwcm2KxGOfPn4/e3t49I8D29nY8fvw4ZmZmUr2Y9fb2xm9+85v3EjZqCoVCjIyMxJMn\nT97bYzZKqVSKnp6eGBwcPNT9K5VKzM/Px/z8fGxvb7/nowMAOHmam5ujs7MzBgYGYmBgIDo7O/f8\nbFmtVmNpaSlmZ2djZmYm1tbWolwuH8MR719LS0t0dnZGZ2dndHR01P9paWl54/2q1Wqsr6/H6upq\nrKysxMrKSiwsLMT6+nqDjvzD0NXVta/AkZXAwbFpb2+PU6dORVdX12u/Z21tLZaWlmJjY6OBR3Z4\n165diz...
[35m[HTTP][39m [37m<-- GET /wd/hub/session/06c1eab5-1ce6-4b10-9fe5-155896f38d60/screenshot [39m[32m200[39m [90m757 ms - 33754[39m
[35m[HTTP][39m [90m[39m
[35m[HTTP][39m [37m-->[39m [37mGET[39m [37m/wd/hub/session/06c1eab5-1ce6-4b10-9fe5-155896f38d60/source[39m
[35m[HTTP][39m [90m{}[39m
[35m[W3C (06c1eab5)][39m Driver proxy active, passing request on via HTTP proxy
[debug] [35m[WD Proxy][39m Matched '/wd/hub/session/06c1eab5-1ce6-4b10-9fe5-155896f38d60/source' to command name 'getPageSource'
[debug] [35m[WD Proxy][39m Proxying [GET /wd/hub/session/06c1eab5-1ce6-4b10-9fe5-155896f38d60/source] to [GET http://127.0.0.1:57934/wd/hub/session/484b69f1-6320-48e5-aaa1-bfda583349c9/source] with body: {}
[debug] [35m[WD Proxy][39m Got response with status 200: {"sessionId":"484b69f1-6320-48e5-aaa1-bfda583349c9","value":"<?xml version='1.0' encoding='UTF-8' standalone='yes' ?>\r\n<hierarchy index=\"0\" class=\"hierarchy\" rotation=\"0\" width=\"1080\" height=\"2088\">\r\n  <android.widget.FrameLayout index=\"0\" package=\"com.example.flutter_todo\" class=\"android.widget.FrameLayout\" text=\"\" checkable=\"false\" checked=\"false\" clickable=\"false\" enabled=\"true\" focusable=\"false\" focused=\"false\" long-clickable=\"false\" password=\"false\" scrollable=\"false\" selected=\"false\" bounds=\"[0,0][1080,2088]\" displayed=\"true\">\r\n    <android.widget.LinearLayout index=\"0\" package=\"com.example.flutter_todo\" class=\"android.widget.LinearLayout\" text=\"\" checkable=\"false\" checked=\"false\" clickable=\"false\" enabled=\"true\" focusable=\"false\" focused=\"false\" long-clickable=\"false\" password=\"false\" scrollable=\"false\" selected=\"false\" bounds=\"[0,0][1080,2088]\" displayed=\"true\">\r\n      <android.widget.FrameLayout index=\"0\" package=\...
[35m[WD Proxy][39m Replacing sessionId 484b69f1-6320-48e5-aaa1-bfda583349c9 with 06c1eab5-1ce6-4b10-9fe5-155896f38d60
[35m[HTTP][39m [37m<-- GET /wd/hub/session/06c1eab5-1ce6-4b10-9fe5-155896f38d60/source [39m[32m200[39m [90m317 ms - 3981[39m
[35m[HTTP][39m [90m[39m
[35m[HTTP][39m [37m-->[39m [37mGET[39m [37m/wd/hub/session/06c1eab5-1ce6-4b10-9fe5-155896f38d60/screenshot[39m
[35m[HTTP][39m [90m{}[39m
[debug] [35m[W3C (06c1eab5)][39m Calling AppiumDriver.getScreenshot() with args: ["06c1eab5-1ce6-4b10-9fe5-155896f38d60"]
[debug] [35m[WD Proxy][39m Matched '/screenshot' to command name 'getScreenshot'
[debug] [35m[WD Proxy][39m Proxying [GET /screenshot] to [GET http://127.0.0.1:57934/wd/hub/session/484b69f1-6320-48e5-aaa1-bfda583349c9/screenshot] with no body
[debug] [35m[WD Proxy][39m Got response with status 200: {"sessionId":"484b69f1-6320-48e5-aaa1-bfda583349c9","value":"iVBORw0KGgoAAAANSUhEUgAABDgAAAisCAYAAACtR1KuAAAABHNCSVQICAgIfAhkiAAAIABJREFU\neJzs3Xd8HNW5PvDnzBZp1btkyZbkJrkbV2xssGk2LaEmhBoIIbm\/JHAh5ZaEhISEXBJIQhpJgFAC\nIQkhQOhgijHYBneDe5Vkyyq2eltpd+f8\/pjZ2ZltWkm7smw\/3w9GuzOzU9a2vPPoPe8Ro+54TYKI\niIiIiIhOcWFuDaXUv0htvfRvp2pPpQSkqi1TVX07FVBVQPqQ3tWMOfvfR7KnR3+96Rekab+BZdp\/\nqnFsY7n2CtNpyrCnbBDG\/7SnxnP9lwisEFAC2wttfVV2GXaMmgYoNgAKoCgQwvTV\/1hfB6ForxU2\n\/auAgNDW6ccU+nJEPRdhPuFoF0dBlON9AkRERERERHRy6nBlY+O4xXA7kuOwt6Bww7w83C9pXqdn\nKJb1gQBF6oGNtlwLbMpbqjGlbhug+gDp0wMcNfDV\/1gPdyD1UEb6jMBGmvZnBDoy+NxM1+V\/jf+E\no70XFIIBBxEREREREQ1QLBUE2jbtrmxsLF8Mt90V+rpwu4m1OMEICYKWBVd4mLezhByIEHLAGnLU\nb9PDCx+g+sKEHL7oIYcMCjkQz5CDQYcZAw4iIiIiIiIaFGH8X0QMKwSA9pQsbCw\/A257sumFwrph\nyPMIOwtzBiH3+pZKD3OY4H86gJCjWa\/kMAcaYUMONUzIoQZCDlUPOWQ8KzksF3vKY8BBRERERERE\n0UWqqhBBoURQH4vAiwXaXdnYMHYh3A5X0LoID4P3HdM5BYUFIf06hlDJ0W\/IoYYJOfxfZaDKI+7D\nVciPAQcRERERERENQORhJiIkdfA31dTCj3ZXFjaULzR6chgVIMK0fcjhYh3HEhwCBAUGUUOOSD05\nMIiQgz05jhcG...
[debug] [35m[W3C (06c1eab5)][39m Responding to client with driver.getScreenshot() result: "iVBORw0KGgoAAAANSUhEUgAABDgAAAisCAYAAACtR1KuAAAABHNCSVQICAgIfAhkiAAAIABJREFU\neJzs3Xd8HNW5PvDnzBZp1btkyZbkJrkbV2xssGk2LaEmhBoIIbm/JHAh5ZaEhISEXBJIQhpJgFAC\nIQkhQOhgijHYBneDe5Vkyyq2eltpd+f8/pjZ2ZltWkm7smw/3w9GuzOzU9a2vPPoPe8Ro+54TYKI\niIiIiIhOcWFuDaXUv0htvfRvp2pPpQSkqi1TVX07FVBVQPqQ3tWMOfvfR7KnR3+96Rekab+BZdp/\nqnFsY7n2CtNpyrCnbBDG/7SnxnP9lwisEFAC2wttfVV2GXaMmgYoNgAKoCgQwvTV/1hfB6ForxU2\n/auAgNDW6ccU+nJEPRdhPuFoF0dBlON9AkRERERERHRy6nBlY+O4xXA7kuOwt6Bww7w83C9pXqdn\nKJb1gQBF6oGNtlwLbMpbqjGlbhug+gDp0wMcNfDV/1gPdyD1UEb6jMBGmvZnBDoy+NxM1+V/jf+E\no70XFIIBBxEREREREQ1QLBUE2jbtrmxsLF8Mt90V+rpwu4m1OMEICYKWBVd4mLezhByIEHLAGnLU\nb9PDCx+g+sKEHL7oIYcMCjkQz5CDQYcZAw4iIiIiIiIaFGH8X0QMKwSA9pQsbCw/A257sumFwrph\nyPMIOwtzBiH3+pZKD3OY4H86gJCjWa/kMAcaYUMONUzIoQZCDlUPOWQ8KzksF3vKY8BBRERERERE\n0UWqqhBBoURQH4vAiwXaXdnYMHYh3A5X0LoID4P3HdM5BYUFIf06hlDJ0W/IoYYJOfxfZaDKI+7D\nVciPAQcRERERERENQORhJiIkdfA31dTCj3ZXFjaULzR6chgVIMK0fcjhYh3HEhwCBAUGUUOOSD05\nMIiQgz05jhcGHERERERERBRe2AqNMI8t25pmCgmeyQQC7clZ2FC6INB4NGx+Eb5kJDRAsa4NzxRe\nRAw5/K...
[35m[HTTP][39m [37m<-- GET /wd/hub/session/06c1eab5-1ce6-4b10-9fe5-155896f38d60/screenshot [39m[32m200[39m [90m620 ms - 72640[39m
[35m[HTTP][39m [90m[39m
[35m[HTTP][39m [37m-->[39m [37mGET[39m [37m/wd/hub/session/06c1eab5-1ce6-4b10-9fe5-155896f38d60/source[39m
[35m[HTTP][39m [90m{}[39m
[35m[W3C (06c1eab5)][39m Driver proxy active, passing request on via HTTP proxy
[debug] [35m[WD Proxy][39m Matched '/wd/hub/session/06c1eab5-1ce6-4b10-9fe5-155896f38d60/source' to command name 'getPageSource'
[debug] [35m[WD Proxy][39m Proxying [GET /wd/hub/session/06c1eab5-1ce6-4b10-9fe5-155896f38d60/source] to [GET http://127.0.0.1:57934/wd/hub/session/484b69f1-6320-48e5-aaa1-bfda583349c9/source] with body: {}
[debug] [35m[WD Proxy][39m Got response with status 200: {"sessionId":"484b69f1-6320-48e5-aaa1-bfda583349c9","value":"<?xml version='1.0' encoding='UTF-8' standalone='yes' ?>\r\n<hierarchy index=\"0\" class=\"hierarchy\" rotation=\"0\" width=\"1080\" height=\"2088\">\r\n  <android.widget.FrameLayout index=\"0\" package=\"com.example.flutter_todo\" class=\"android.widget.FrameLayout\" text=\"\" checkable=\"false\" checked=\"false\" clickable=\"false\" enabled=\"true\" focusable=\"false\" focused=\"false\" long-clickable=\"false\" password=\"false\" scrollable=\"false\" selected=\"false\" bounds=\"[0,0][1080,2088]\" displayed=\"true\">\r\n    <android.widget.LinearLayout index=\"0\" package=\"com.example.flutter_todo\" class=\"android.widget.LinearLayout\" text=\"\" checkable=\"false\" checked=\"false\" clickable=\"false\" enabled=\"true\" focusable=\"false\" focused=\"false\" long-clickable=\"false\" password=\"false\" scrollable=\"false\" selected=\"false\" bounds=\"[0,0][1080,2088]\" displayed=\"true\">\r\n      <android.widget.FrameLayout index=\"0\" package=\...
[35m[WD Proxy][39m Replacing sessionId 484b69f1-6320-48e5-aaa1-bfda583349c9 with 06c1eab5-1ce6-4b10-9fe5-155896f38d60
[35m[HTTP][39m [37m<-- GET /wd/hub/session/06c1eab5-1ce6-4b10-9fe5-155896f38d60/source [39m[32m200[39m [90m163 ms - 8176[39m
[35m[HTTP][39m [90m[39m
[35m[HTTP][39m [37m-->[39m [37mGET[39m [37m/wd/hub/session/06c1eab5-1ce6-4b10-9fe5-155896f38d60/screenshot[39m
[35m[HTTP][39m [90m{}[39m
[debug] [35m[W3C (06c1eab5)][39m Calling AppiumDriver.getScreenshot() with args: ["06c1eab5-1ce6-4b10-9fe5-155896f38d60"]
[debug] [35m[WD Proxy][39m Matched '/screenshot' to command name 'getScreenshot'
[debug] [35m[WD Proxy][39m Proxying [GET /screenshot] to [GET http://127.0.0.1:57934/wd/hub/session/484b69f1-6320-48e5-aaa1-bfda583349c9/screenshot] with no body
[debug] [35m[WD Proxy][39m Got response with status 200: {"sessionId":"484b69f1-6320-48e5-aaa1-bfda583349c9","value":"iVBORw0KGgoAAAANSUhEUgAABDgAAAisCAYAAACtR1KuAAAABHNCSVQICAgIfAhkiAAAIABJREFU\neJzs3Xl8XGW9BvDnPbNlsu9rmzRdku6lKy0tu5RVARGRRUXc7nXhgspVEQVRFAR3RAUEFAQugqAg\nS1solJZC90LXdE26JGmbfZskM+e9f5wzZ86ZLTPJZGuf7\/3EmTlz1iHNzXnye3+vKLrlVQkiIiIi\nIiI6xYW5NZRSf0dqz6V\/PRXaIn05JKD69Neq\/uVDWnsD5u5fhaTezsC2xjaAlKq+DNo2MC23HE8G\n1vOfT9A5WggReArhf6L\/j7CuIwSEUIy1teUCB7NKsaNoBiBsgFAARUAIG6Ao2vpCARSb\/lxor4XQ\n1zftU1GM4wpFCXMuwjglCGE638A1hLnAKO+dupS+VyEiIiIiIiKKX1tyNjaOPxMeu3twDhAu3PAv\nN4cz2hNYwxJ\/sCL1oAWB5ZAY11SDqbUfAdKnhS+qhJQ+QFX1AEbVQx1\/GON\/9Fn3KQPHlKoa4VwC\n5x0432i1CKxTCIcBBxEREREREcUpSgWBsD5pdWdiY\/kSeBxhQo6oVQr9YAo2jNcIF3L4H2MJObYN\nLOQwV7lAalUulnMZSMjBoMOMAQcRERERERH1izAHFOHCCqENEWlNzsKGcYsClRzhcg3L9nEGHxGC\nDfN7\/v+LP+SoHkAlhxpYrvqH46gJrOQwXwsx4CAiIiIiIqL4hcszhL+nRGivizZ3thZyhFRyRAgz\nhAh6K\/h1H6JVc\/SrkqM\/IYdq3ac\/5EjocBXyY8BBREREREREcQhKGUQMTTH1sKI1ORMbyhaGhhwi\n5EnQmwMYyjLsIQd7cgwVBhxEREREREQUXvAQlKhBhPk9fd2gSg5juErp6ehyJGkzhhjHCDwXffTm\nEP0ZwhL0XJ...
[debug] [35m[W3C (06c1eab5)][39m Responding to client with driver.getScreenshot() result: "iVBORw0KGgoAAAANSUhEUgAABDgAAAisCAYAAACtR1KuAAAABHNCSVQICAgIfAhkiAAAIABJREFU\neJzs3Xl8XGW9BvDnPbNlsu9rmzRdku6lKy0tu5RVARGRRUXc7nXhgspVEQVRFAR3RAUEFAQugqAg\nS1solJZC90LXdE26JGmbfZskM+e9f5wzZ86ZLTPJZGuf7/3EmTlz1iHNzXnye3+vKLrlVQkiIiIi\nIiI6xYW5NZRSf0dqz6V/PRXaIn05JKD69Neq/uVDWnsD5u5fhaTezsC2xjaAlKq+DNo2MC23HE8G\n1vOfT9A5WggReArhf6L/j7CuIwSEUIy1teUCB7NKsaNoBiBsgFAARUAIG6Ao2vpCARSb/lxor4XQ\n1zftU1GM4wpFCXMuwjglCGE638A1hLnAKO+dupS+VyEiIiIiIiKKX1tyNjaOPxMeu3twDhAu3PAv\nN4cz2hNYwxJ/sCL1oAWB5ZAY11SDqbUfAdKnhS+qhJQ+QFX1AEbVQx1/GON/9Fn3KQPHlKoa4VwC\n5x0432i1CKxTCIcBBxEREREREcUpSgWBsD5pdWdiY/kSeBxhQo6oVQr9YAo2jNcIF3L4H2MJObYN\nLOQwV7lAalUulnMZSMjBoMOMAQcRERERERH1izAHFOHCCqENEWlNzsKGcYsClRzhcg3L9nEGHxGC\nDfN7/v+LP+SoHkAlhxpYrvqH46gJrOQwXwsx4CAiIiIiIqL4hcszhL+nRGivizZ3thZyhFRyRAgz\nhAh6K/h1H6JVc/SrkqM/IYdq3ac/5EjocBXyY8BBREREREREcQhKGUQMTTH1sKI1ORMbyhaGhhwi\n5EnQmwMYyjLsIQd7cgwVBhxEREREREQUXvAQlKhBhPk9fd2gSg5juErp6ehyJGkzhhjHCDwXffTm\nEP0ZwhL0XJoCDf0NsCfH6MaAg4iIiIiIiKIKHyiYw4jA0BRhBCGBoEMYVRjalKmt7ixsLFuILrvL\nsi/rc2...
[35m[HTTP][39m [37m<-- GET /wd/hub/session/06c1eab5-1ce6-4b10-9fe5-155896f38d60/screenshot [39m[32m200[39m [90m352 ms - 75538[39m
[35m[HTTP][39m [90m[39m
[35m[HTTP][39m [37m-->[39m [37mGET[39m [37m/wd/hub/session/06c1eab5-1ce6-4b10-9fe5-155896f38d60/source[39m
[35m[HTTP][39m [90m{}[39m
[35m[W3C (06c1eab5)][39m Driver proxy active, passing request on via HTTP proxy
[debug] [35m[WD Proxy][39m Matched '/wd/hub/session/06c1eab5-1ce6-4b10-9fe5-155896f38d60/source' to command name 'getPageSource'
[debug] [35m[WD Proxy][39m Proxying [GET /wd/hub/session/06c1eab5-1ce6-4b10-9fe5-155896f38d60/source] to [GET http://127.0.0.1:57934/wd/hub/session/484b69f1-6320-48e5-aaa1-bfda583349c9/source] with body: {}
[debug] [35m[WD Proxy][39m Got response with status 200: {"sessionId":"484b69f1-6320-48e5-aaa1-bfda583349c9","value":"<?xml version='1.0' encoding='UTF-8' standalone='yes' ?>\r\n<hierarchy index=\"0\" class=\"hierarchy\" rotation=\"0\" width=\"1080\" height=\"2088\">\r\n  <android.widget.FrameLayout index=\"0\" package=\"com.example.flutter_todo\" class=\"android.widget.FrameLayout\" text=\"\" checkable=\"false\" checked=\"false\" clickable=\"false\" enabled=\"true\" focusable=\"false\" focused=\"false\" long-clickable=\"false\" password=\"false\" scrollable=\"false\" selected=\"false\" bounds=\"[0,0][1080,2088]\" displayed=\"true\">\r\n    <android.widget.LinearLayout index=\"0\" package=\"com.example.flutter_todo\" class=\"android.widget.LinearLayout\" text=\"\" checkable=\"false\" checked=\"false\" clickable=\"false\" enabled=\"true\" focusable=\"false\" focused=\"false\" long-clickable=\"false\" password=\"false\" scrollable=\"false\" selected=\"false\" bounds=\"[0,0][1080,2088]\" displayed=\"true\">\r\n      <android.widget.FrameLayout index=\"0\" package=\...
[35m[WD Proxy][39m Replacing sessionId 484b69f1-6320-48e5-aaa1-bfda583349c9 with 06c1eab5-1ce6-4b10-9fe5-155896f38d60
[35m[HTTP][39m [37m<-- GET /wd/hub/session/06c1eab5-1ce6-4b10-9fe5-155896f38d60/source [39m[32m200[39m [90m181 ms - 8176[39m
[35m[HTTP][39m [90m[39m
[35m[HTTP][39m [37m-->[39m [37mGET[39m [37m/wd/hub/session/06c1eab5-1ce6-4b10-9fe5-155896f38d60/screenshot[39m
[35m[HTTP][39m [90m{}[39m
[debug] [35m[W3C (06c1eab5)][39m Calling AppiumDriver.getScreenshot() with args: ["06c1eab5-1ce6-4b10-9fe5-155896f38d60"]
[debug] [35m[WD Proxy][39m Matched '/screenshot' to command name 'getScreenshot'
[debug] [35m[WD Proxy][39m Proxying [GET /screenshot] to [GET http://127.0.0.1:57934/wd/hub/session/484b69f1-6320-48e5-aaa1-bfda583349c9/screenshot] with no body
[debug] [35m[WD Proxy][39m Got response with status 200: {"sessionId":"484b69f1-6320-48e5-aaa1-bfda583349c9","value":"iVBORw0KGgoAAAANSUhEUgAABDgAAAisCAYAAACtR1KuAAAABHNCSVQICAgIfAhkiAAAIABJREFU\neJzs3Xl8XGW9BvDnPbNlsu9rmzRdku6lKy0tu5RVARGRRUXc7nXhgspVEQVRFAR3RAUEFAQugqAg\nS1solJZC90LXdE26JGmbfZskM+e9f5wzZ86ZLTPJZGuf7\/3EmTlz1iHNzXnye3+vKLrlVQkiIiIi\nIiI6xYW5NZRSf0dqz6V\/PRXaIn05JKD69Neq\/uVDWnsD5u5fhaTezsC2xjaAlKq+DNo2MC23HE8G\n1vOfT9A5WggReArhf6L\/j7CuIwSEUIy1teUCB7NKsaNoBiBsgFAARUAIG6Ao2vpCARSb\/lxor4XQ\n1zftU1GM4wpFCXMuwjglCGE638A1hLnAKO+dupS+VyEiIiIiIiKKX1tyNjaOPxMeu3twDhAu3PAv\nN4cz2hNYwxJ\/sCL1oAWB5ZAY11SDqbUfAdKnhS+qhJQ+QFX1AEbVQx1\/GON\/9Fn3KQPHlKoa4VwC\n5x0432i1CKxTCIcBBxEREREREcUpSgWBsD5pdWdiY\/kSeBxhQo6oVQr9YAo2jNcIF3L4H2MJObYN\nLOQwV7lAalUulnMZSMjBoMOMAQcRERERERH1izAHFOHCCqENEWlNzsKGcYsClRzhcg3L9nEGHxGC\nDfN7\/v+LP+SoHkAlhxpYrvqH46gJrOQwXwsx4CAiIiIiIqL4hcszhL+nRGivizZ3thZyhFRyRAgz\nhAh6K\/h1H6JVc\/SrkqM\/IYdq3ac\/5EjocBXyY8BBREREREREcQhKGUQMTTH1sKI1ORMbyhaGhhwi\n5EnQmwMYyjLsIQd7cgwVBhxEREREREQUXvAQlKhBhPk9fd2gSg5juErp6ehyJGkzhhjHCDwXffTm\nEP0ZwhL0XJ...
[debug] [35m[W3C (06c1eab5)][39m Responding to client with driver.getScreenshot() result: "iVBORw0KGgoAAAANSUhEUgAABDgAAAisCAYAAACtR1KuAAAABHNCSVQICAgIfAhkiAAAIABJREFU\neJzs3Xl8XGW9BvDnPbNlsu9rmzRdku6lKy0tu5RVARGRRUXc7nXhgspVEQVRFAR3RAUEFAQugqAg\nS1solJZC90LXdE26JGmbfZskM+e9f5wzZ86ZLTPJZGuf7/3EmTlz1iHNzXnye3+vKLrlVQkiIiIi\nIiI6xYW5NZRSf0dqz6V/PRXaIn05JKD69Neq/uVDWnsD5u5fhaTezsC2xjaAlKq+DNo2MC23HE8G\n1vOfT9A5WggReArhf6L/j7CuIwSEUIy1teUCB7NKsaNoBiBsgFAARUAIG6Ao2vpCARSb/lxor4XQ\n1zftU1GM4wpFCXMuwjglCGE638A1hLnAKO+dupS+VyEiIiIiIiKKX1tyNjaOPxMeu3twDhAu3PAv\nN4cz2hNYwxJ/sCL1oAWB5ZAY11SDqbUfAdKnhS+qhJQ+QFX1AEbVQx1/GON/9Fn3KQPHlKoa4VwC\n5x0432i1CKxTCIcBBxEREREREcUpSgWBsD5pdWdiY/kSeBxhQo6oVQr9YAo2jNcIF3L4H2MJObYN\nLOQwV7lAalUulnMZSMjBoMOMAQcRERERERH1izAHFOHCCqENEWlNzsKGcYsClRzhcg3L9nEGHxGC\nDfN7/v+LP+SoHkAlhxpYrvqH46gJrOQwXwsx4CAiIiIiIqL4hcszhL+nRGivizZ3thZyhFRyRAgz\nhAh6K/h1H6JVc/SrkqM/IYdq3ac/5EjocBXyY8BBREREREREcQhKGUQMTTH1sKI1ORMbyhaGhhwi\n5EnQmwMYyjLsIQd7cgwVBhxEREREREQUXvAQlKhBhPk9fd2gSg5juErp6ehyJGkzhhjHCDwXffTm\nEP0ZwhL0XJoCDf0NsCfH6MaAg4iIiIiIiKIKHyiYw4jA0BRhBCGBoEMYVRjalKmt7ixsLFuILrvL\nsi/rc2...
[35m[HTTP][39m [37m<-- GET /wd/hub/session/06c1eab5-1ce6-4b10-9fe5-155896f38d60/screenshot [39m[32m200[39m [90m357 ms - 75538[39m
[35m[HTTP][39m [90m[39m
[35m[HTTP][39m [37m-->[39m [37mGET[39m [37m/wd/hub/session/06c1eab5-1ce6-4b10-9fe5-155896f38d60/source[39m
[35m[HTTP][39m [90m{}[39m
[35m[W3C (06c1eab5)][39m Driver proxy active, passing request on via HTTP proxy
[debug] [35m[WD Proxy][39m Matched '/wd/hub/session/06c1eab5-1ce6-4b10-9fe5-155896f38d60/source' to command name 'getPageSource'
[debug] [35m[WD Proxy][39m Proxying [GET /wd/hub/session/06c1eab5-1ce6-4b10-9fe5-155896f38d60/source] to [GET http://127.0.0.1:57934/wd/hub/session/484b69f1-6320-48e5-aaa1-bfda583349c9/source] with body: {}
[debug] [35m[WD Proxy][39m Got response with status 200: {"sessionId":"484b69f1-6320-48e5-aaa1-bfda583349c9","value":"<?xml version='1.0' encoding='UTF-8' standalone='yes' ?>\r\n<hierarchy index=\"0\" class=\"hierarchy\" rotation=\"0\" width=\"1080\" height=\"2088\">\r\n  <android.widget.FrameLayout index=\"0\" package=\"com.example.flutter_todo\" class=\"android.widget.FrameLayout\" text=\"\" checkable=\"false\" checked=\"false\" clickable=\"false\" enabled=\"true\" focusable=\"false\" focused=\"false\" long-clickable=\"false\" password=\"false\" scrollable=\"false\" selected=\"false\" bounds=\"[0,0][1080,2088]\" displayed=\"true\">\r\n    <android.widget.LinearLayout index=\"0\" package=\"com.example.flutter_todo\" class=\"android.widget.LinearLayout\" text=\"\" checkable=\"false\" checked=\"false\" clickable=\"false\" enabled=\"true\" focusable=\"false\" focused=\"false\" long-clickable=\"false\" password=\"false\" scrollable=\"false\" selected=\"false\" bounds=\"[0,0][1080,2088]\" displayed=\"true\">\r\n      <android.widget.FrameLayout index=\"0\" package=\...
[35m[WD Proxy][39m Replacing sessionId 484b69f1-6320-48e5-aaa1-bfda583349c9 with 06c1eab5-1ce6-4b10-9fe5-155896f38d60
[35m[HTTP][39m [37m<-- GET /wd/hub/session/06c1eab5-1ce6-4b10-9fe5-155896f38d60/source [39m[32m200[39m [90m112 ms - 3552[39m
[35m[HTTP][39m [90m[39m
[35m[HTTP][39m [37m-->[39m [37mGET[39m [37m/wd/hub/session/06c1eab5-1ce6-4b10-9fe5-155896f38d60/screenshot[39m
[35m[HTTP][39m [90m{}[39m
[debug] [35m[W3C (06c1eab5)][39m Calling AppiumDriver.getScreenshot() with args: ["06c1eab5-1ce6-4b10-9fe5-155896f38d60"]
[debug] [35m[WD Proxy][39m Matched '/screenshot' to command name 'getScreenshot'
[debug] [35m[WD Proxy][39m Proxying [GET /screenshot] to [GET http://127.0.0.1:57934/wd/hub/session/484b69f1-6320-48e5-aaa1-bfda583349c9/screenshot] with no body
[debug] [35m[WD Proxy][39m Got response with status 200: {"sessionId":"484b69f1-6320-48e5-aaa1-bfda583349c9","value":"iVBORw0KGgoAAAANSUhEUgAABDgAAAisCAYAAACtR1KuAAAABHNCSVQICAgIfAhkiAAAIABJREFU\neJzs3Xd8VFXeBvDn3OnpPQESQgi9BZCqKCB2UFy7a0VddNW1YVn13V3L2nWtq6yufe1dUUFRAQsg\nRem9BEIgISGkt5l73z+m3TstM5OZSeH5fjZm7plbzh3Kcp+c8zsifszZCoiIiIiIiIgAAArg7ylR\nURx7KK7X7mNUbYoCQEaytQUT6w\/ArNgczer3PY5XnV\/TB0Xx6E64j7DC\/V8hPJrV2wKAwE5DHNaY\nUh3vSPZ2YX9fQHLv6\/yC48t5bs131fkhHP\/zvGabXfc4D3mSOroDRERERERE1D1V64xYGpeNJqFr\ne+egcgtfOyl+vnwfqwDacEbxOK8jfOnb2oCi5irHO7IjwIEjcJHd+7qCHceX4hHW+ApzFEdIpLlm\nMLfN8QmBMOAgIiIiIiKiyBDeG9V6I5bGZbYdcoQ1OCHQA380Qg6ZIUcnxoCDiIiIiIiIwhBEIuHY\npVpnwlJLJpokfyFHoHOpJ3N47tdWH3yN5mhPyKFEOORQGHJEEAMOIiIiIiIiConwGTR41prQqtYZ\nHSFHiI+hESk70VlDDnAkRwQx4CAiIiIiIqL209TRFD7fsIccWY6RHLEumNlZQw5OV4kUBhxERERE\nRESk5S978Fp9JMiTCPfKIdU6g70mh9d0FdUKJI6VRoLpUmgYcnRnDDiIiIiIiIhIJZQowce+nqM3\nvJY4FaiWDFhqyQhQk6ONc7ZLZw45WJOjPRhwEBERERERUfAcYYN3HQ57q3Y\/4dUuHCM13DU5dNrj\n\/Y3iEP6KjYYTeHTWkAMcydEODDiIiIiIiIjIWzC5geeysD6PcbQLj\/ACQLVkxFJzRoAlZP2dM5zO\nevIxggKdIeTgdJVw...
[debug] [35m[W3C (06c1eab5)][39m Responding to client with driver.getScreenshot() result: "iVBORw0KGgoAAAANSUhEUgAABDgAAAisCAYAAACtR1KuAAAABHNCSVQICAgIfAhkiAAAIABJREFU\neJzs3Xd8VFXeBvDn3OnpPQESQgi9BZCqKCB2UFy7a0VddNW1YVn13V3L2nWtq6yufe1dUUFRAQsg\nRem9BEIgISGkt5l73z+m3TstM5OZSeH5fjZm7plbzh3Kcp+c8zsifszZCoiIiIiIiIgAAArg7ylR\nURx7KK7X7mNUbYoCQEaytQUT6w/ArNgczer3PY5XnV/TB0Xx6E64j7DC/V8hPJrV2wKAwE5DHNaY\nUh3vSPZ2YX9fQHLv6/yC48t5bs131fkhHP/zvGabXfc4D3mSOroDRERERERE1D1V64xYGpeNJqFr\ne+egcgtfOyl+vnwfqwDacEbxOK8jfOnb2oCi5irHO7IjwIEjcJHd+7qCHceX4hHW+ApzFEdIpLlm\nMLfN8QmBMOAgIiIiIiKiyBDeG9V6I5bGZbYdcoQ1OCHQA380Qg6ZIUcnxoCDiIiIiIiIwhBEIuHY\npVpnwlJLJpokfyFHoHOpJ3N47tdWH3yN5mhPyKFEOORQGHJEEAMOIiIiIiIiConwGTR41prQqtYZ\nHSFHiI+hESk70VlDDnAkRwQx4CAiIiIiIqL209TRFD7fsIccWY6RHLEumNlZQw5OV4kUBhxERERE\nRESk5S978Fp9JMiTCPfKIdU6g70mh9d0FdUKJI6VRoLpUmgYcnRnDDiIiIiIiIhIJZQowce+nqM3\nvJY4FaiWDFhqyQhQk6ONc7ZLZw45WJOjPRhwEBERERERUfAcYYN3HQ57q3Y/4dUuHCM13DU5dNrj\n/Y3iEP6KjYYTeHTWkAMcydEODDiIiIiIiIjIWzC5geeysD6PcbQLj/ACQLVkxFJzRoAlZP2dM5zO\nevIxggKdIeTgdJVwMeAgIiIiIiIiD+2ZpiI8ppR47+ccxQHhLDyargo5/B2PAKM4Qu2zGkOO7oIB\nBxERER...
[35m[HTTP][39m [37m<-- GET /wd/hub/session/06c1eab5-1ce6-4b10-9fe5-155896f38d60/screenshot [39m[32m200[39m [90m345 ms - 68218[39m
[35m[HTTP][39m [90m[39m
[debug] [35m[Instrumentation][39m .
[debug] [35m[Instrumentation][39m Time: 30.177
[debug] [35m[Instrumentation][39m 
[debug] [35m[Instrumentation][39m OK (1 test)
[debug] [35m[Instrumentation][39m The process has exited with code 0
[35m[HTTP][39m [37m-->[39m [37mDELETE[39m [37m/wd/hub/session/06c1eab5-1ce6-4b10-9fe5-155896f38d60[39m
[35m[HTTP][39m [90m{}[39m
[debug] [35m[W3C (06c1eab5)][39m Calling AppiumDriver.deleteSession() with args: ["06c1eab5-1ce6-4b10-9fe5-155896f38d60"]
[debug] [35m[BaseDriver][39m Event 'quitSessionRequested' logged at 1596531181832 (16:53:01 GMT+0800 (Philippine Standard Time))
[35m[Appium][39m Removing session 06c1eab5-1ce6-4b10-9fe5-155896f38d60 from our master session list
[debug] [35m[UiAutomator2][39m Deleting UiAutomator2 session
[debug] [35m[UiAutomator2][39m Deleting UiAutomator2 server session
[debug] [35m[WD Proxy][39m Matched '/' to command name 'deleteSession'
[debug] [35m[WD Proxy][39m Proxying [DELETE /] to [DELETE http://127.0.0.1:57934/wd/hub/session/484b69f1-6320-48e5-aaa1-bfda583349c9] with no body
[35m[WD Proxy][39m Got response with unknown status: {"code":"ECONNRESET"}
[35m[UiAutomator2][39m Did not get confirmation UiAutomator2 deleteSession worked; Error was: UnknownError: An unknown server-side error occurred while processing the command. Original error: Could not proxy command to remote server. Original error: Error: socket hang up
[debug] [35m[ADB][39m Running '/Users/blezel/.katalon/tools/android_sdk/platform-tools/adb -P 5037 -s emulator-5554 shell am force-stop com.example.flutter_todo'
[debug] [35m[Logcat][39m Stopping logcat capture
[debug] [35m[ADB][39m Removing forwarded port socket connection: 57934 
[debug] [35m[ADB][39m Running '/Users/blezel/.katalon/tools/android_sdk/platform-tools/adb -P 5037 -s emulator-5554 forward --remove tcp\:57934'
[35m[UiAutomator2][39m Restoring hidden api policy to the device default configuration
[debug] [35m[ADB][39m Running '/Users/blezel/.katalon/tools/android_sdk/platform-tools/adb -P 5037 -s emulator-5554 shell settings delete global hidden_api_policy_pre_p_apps'
[debug] [35m[ADB][39m Running '/Users/blezel/.katalon/tools/android_sdk/platform-tools/adb -P 5037 -s emulator-5554 shell settings delete global hidden_api_policy_p_apps'
[debug] [35m[ADB][39m Running '/Users/blezel/.katalon/tools/android_sdk/platform-tools/adb -P 5037 -s emulator-5554 shell settings delete global hidden_api_policy'
[debug] [35m[BaseDriver][39m Event 'quitSessionFinished' logged at 1596531182017 (16:53:02 GMT+0800 (Philippine Standard Time))
[debug] [35m[W3C (06c1eab5)][39m Received response: null
[debug] [35m[W3C (06c1eab5)][39m But deleting session, so not returning
[debug] [35m[W3C (06c1eab5)][39m Responding to client with driver.deleteSession() result: null
[debug] [35m[W3C (06c1eab5)][39m Destroying socket connection
[35m[HTTP][39m [37m<-- DELETE /wd/hub/session/06c1eab5-1ce6-4b10-9fe5-155896f38d60 [39m[32m200[39m [90m191 ms - 14[39m
[35m[HTTP][39m [90m[39m
